-3577733143579386777516412
7356295506081297539718021
-3615202534086666717928877
-1797802764023976679954549
2441439764556281385558053
9333613930677394728798062
-7894368867513514080798292
-1347575338514449650517429
3276373584770090261284186
-1343478059708351795756381
-6852417723512013621822849
4376124963959644531754093
-7305618875727887882659604
6864222167271818628736440
7484547032368897581325641
-3453308489352212836643672
558205281201029518331824
-8763791099151177570952604
4812003768775901842721973
10557617813090209748312991
-5694005753774462338131010
6243744620808671458016309
-17174414033743222011341583
90204723922843895228259
14283933317355041006832511
-2774760377499092186862162
-8274840390166991684877081
-16169356671699142222655643
5502325471369667189601397
1667156974941191642257248
-5100765050108762529344028
3471096352770274427036134
7189772881748406678672045
9889202110176723786249019
5152753344969388497610850
2130350009262080562620532
-457514134798144293672873
-9609090770928814659231948
-425261309462726499627603
10111600285020299417866607
-4078821832139379508820044
-1711786261865855019516193
7658851921002204273138850
-12365323052270436126634515
10132658374460852197957007
10390145757802805292699364
13857033717943259148506049
-11871039651005749566598941
-7538189840924714380739836
3078139601359481983327350
-8825174499115676094542064
14379860599171733448520813
-8575398845562486850627639
-379308500585297152509780
-71682438489484097471288
-12874467986482097907396076
-1542679163410776044093740
6021222267511021566821010
-10434150099453121210823698
9937595841808902036438046
-3944104802828468272221511
9056091203754197321802453
6345252770382122519079312
-17422549656307087640319051
9396382764267598870629829
12694398934280896887377389
-6162861763217581138365768
-5356100053349435256114649
-10518250049806272952395891
5701666839827598353929012
-16096203059693085008123472
288596036145809815984785
-15339015015259586980868893
5776181619103313191550142
11495308389665956920977816
9740492925946199530063193
-8160046834252320140250365
94959346422456078071034
-3205067106728926062450729
4803547928324341752304685
7633082897281618614871765
9704804369911964758230937
7658375610198699466835649
2811563812326072732634273
-1804932372571708985512186
825001928151802994916599
-7194259450727819744999536
4148323888766634780684006
12976020281940413170495698
1401169379514960114718045
-10045865103956494065620466
-7738656692521473498703960
19124232162627409523919950
-1630881934136760734898567
1565665119871734884123165
-9383382456723228432887779
-1576980273164726829735740
2787370015419092860952982
13804465976956942484492316
10366408132801207276619399
-13369070729823397626194113
-12104284521831732242327347
-10097069343893157896827866
5977643322799857720016951
-2296801046793990450105966
1165364880254684749343880
3446620045011139485402710
-5987002730250162054700281
-18141395512513880960497661
1003743252751667592383577
-6806010951453702772783031
7381697169322174032616005
11693954336397490620319568
-9956646096890048360735327
109094600703507261149796
13537838288898799555038585
6653903961173537497907017
-7242683155105339200447278
621723933317766325791113
8232832313675693095977869
-1796312993566489860916726
8174389303578386325279353
-1498458998302584779268887
18865544293781706022877099
14723544177449098318147335
-6227359446276402789500037
2800086165027804898335675
9058973117660094572440320
5187205582267715270948759
6672201261795570592029658
-10472724747239835988279144
6290955987073322729790224
1461307672665004281947949
-5430152025297556182206794
-3833723341044509880977301
-788375486919524365572060
-7100482911429979853792525
-14543508617258711655857833
-10576817896887057877059653
6661568633627593718179900
-11193028577154647187566015
10046074380636097899477354
19273220738381809819792706
5266888521415401321167573
5022624927461466919628413
16123246938116509854110739
-740399022522653485249259
-18427520951981379845735306
2838848951134241484616721
14562750470992571843591192
-12145786612833137477360818
-3168699233172512357335463
-9815143337817015357967368
2445036854178949346982498
1545454009610615148419914
-4895222958377663656713985
633964035233271686755411
15737628209590711063445392
-7953425974193275034635477
3869822972443134350611808
-10124598722179260329106580
4734440701031424369010509
-13677810817514135244593829
-6278276395542200569784969
-10923267666258482663745458
-8382590592165240333245396
-155462464494045495278873
-5864996807326539234455213
10034941742198429062256111
14026560982667405527798897
4551303336362870243076589
8419344615154561677055245
-7095920008598911664566309
3104329606702304321906853
2488910704240902921646691
8618216331543735611370600
14935025667644686282322268
5474553260275743165625954
5938336516978026724993747
6476430292528415233614093
-672152564699323478005489
3427553824055442172409790
-120001710316160620455621
-15731497230632954958902396
2657617527875943669549132
2081535773603012874537461
8980818567432913458491923
-5520955760525382055239538
14745104393036577735665560
-3958371081167586806170143
27381234165091203137990
-4010646712170007651872505
10472440465266992817519438
-1282513061414454414897109
9989388997413669905980379
9189432298594340348717574
7444138299563588058985203
-11213225244148118194206836
1289268165782683191294078
-3216157074634579815843165
-1820264996432359924116126
1880065963014781943477562
-1756577020463045921179329
6211679494006808490988067
1125277976448557325017014
-5259475838369563399111991
6810967696566604377905949
2931931127518970988644993
5705902907131279479713872
-1592175070912137284819221
-9290935159787032059338130
8983885762054443514970972
819849445478169709713214
15195735044722713008689470
-4470895446595528286133441
-14238486285144161153930382
4842616385055275201762089
6674651965054665183970411
-3205066969176032845463855
-12229656092073835436180645
15456447276429017681381711
4605761717968258652639875
489208039176733459748973
5272915633034665130684222
1294268437246468585266639
-474938842974304758422468
372432720015289055803690
1944964109832916985144792
-15599858939518474139397112
-4467699038246060279840397
-14843236736477539043886121
1723988828911208533393464
4015549056127715261495899
2511801395163340878628846
9042281675668009122349568
5491177659837576282009689
8438917141245881230010272
4882985441429113567348942
8029297307997006253905179
3929703032962203045800170
9871307533238205426525449
16485851240914921325975654
5698740262369560080147547
-3570635591002010815405985
-12075484340248841549491630
-5800541538371560881154483
3518538190391531705108811
-7440911423725718403491919
150507757697587074040325
8782371792388795972982526
3058909577931719035333782
-15415525625714604762884763
-2582545645986110225415433
-6166594205980123278983588
12185223537290488004740645
1735685081135448871801692
15678422483615561910199279
-4505008015731845830564125
-14710871038605605136105647
5677641061861941156958943
1283851911818620978884057
-7968195165467682077932489
-5769023252061152363641446
4685345208562011487131433
2333427502860048557791142
17380125043141650560172430
-9196535914579761973163682
4145414494998776189432863
13583884041604464040505218
9300048940427214732278499
-3134511733410187961376320
-6554080598068985277116795
-2100687989719031152306076
7036181706182691160670787
-2762092280164924305122438
7818863726918803587557711
18160025368016934432707270
8743426792891440561693138
4144872059597805254107081
-2617981626363140345392870
2886771971029062216842856
2166617593829291825674271
1273707665691007905182873
6875113432246755057630428
-4923663109908000373904806
-6142127645752984935012588
14376910945723975196198745
-10240820520400132565092923
-2283746767329184900177165
11469348905163983204427804
15293684001089506511767804
12831116138395959767129240
7714422918078434644688753
15870107452193537252676018
16343486714960584962858208
8072173013073588662923691
3936830409301632329294422
-3946349795220167786067314
-2921062983434511406632614
12102554350891339062803613
-755164000471159838601615
-876265899251434777792634
-3464873908004306528285927
-3063424599346065480609461
1357892203868332100800472
-9354578953686309170497788
7971164185952822052188191
-5344523570356286974608476
7644375065307285104398598
5301014243380668745230629
-11920690147110575630439301
2000553566846953984868726
6607071373003435841988769
-7991055933870359152090075
-9113448613811412710189843
5306022426349230856720612
-10425108045823943665046211
7548441567711145601601186
-797606577886123820850457
-11623708082098456333485663
-1844762144867181376168659
4071270161717543486243311
2250692999850655116025601
-9099138191441625219980233
14657176740674007285619077
-11493384884639213775116580
-12288229884937995934983065
6807410600276148430819205
-4845052115996865296425027
10652637639195938766132195
10001506499236241356258230
-7965090656348456188717307
-9186860314895147383263074
-8850828519079460198824810
-336435055263970384857442
10063402246601064402594819
-6029326914047373132239049
-1791939606992681003824759
-1011569506439881486629354
6317157212051453747074256
-3088733328789486949115005
4016403211004113587183162
-6905655345424389313263836
1324863818405790252807544
-9623819099427012879985745
10901170158294048304265769
4254699394060239858769086
-7430460356413771016689268
-5771155308641902629312632
16137874744345100166089687
-1457713555295871760162092
-9311050468406516110265252
-3996113243290250731492048
-7644397668802684753607296
-5983413155042888786665559
-2067314486199890627716753
-3737850440919231274964414
4924640214416822405998566
3968029213045705681116818
-8660594493678498403264547
4575941325907384053025225
-4310062582856902740518791
-2891902715356232715114101
-159996018826671794713967
2832354897399903265047286
-1543946773885379153317141
-11215700578629011402545373
1090932792962543434384012
460778031802866056201591
-2684685235272798833229197
3194516549281207648733612
-1091411471070399765996543
9601956259514093902253410
6001289266473124873089933
14671920219615475249122957
-5249096707940144110917029
-1229546612820750914063229
14575331649834338480998582
-10474374869496298720582971
13942964862471462808062264
-551148336379008808682292
2510621471464590264393671
1966986631925935320964523
7876681423102191699191810
6924857268012845803572664
-10702604760233082819782079
-7389953387483974450098820
10924880364569713917071028
8374316433128397258092925
490561297404170585101641
-3400398573034973338638968
2263168236096079035823730
2244276151209763192739898
4661939937881940136065655
13566026488704234144536926
-12531238030161057919737752
-2227686350130716330701285
-4044268509173134124423363
9166068808593548357936547
9501958407032186716665429
518111379537019998271755
4130733478572861801878132
-2715200562421158577642204
-4135958854109213689723360
-7119077797031370996673973
-2910946689047128170256205
4427348623624243356911981
10013034282348023181999859
-5392204302084028599679427
888384715477296934567930
-7952110308623970758385660
-7220770020989435430539383
2417472385411222773184476
-9363642600740669836119607
9256046322149823597345137
4352804128251815973703083
2698667237232266688305176
-5974019951367828136494369
-1845885962419438116676729
-9489388015913338489836551
8769334471208268304881996
-13655012384941769501696515
6369987637033684014576940
-4513404107859413302934162
-912209475191808715083780
-6877055970408862156028360
-392714145647786792441578
2598684176618470125896006
-11533047456840144155184084
-1389243213066761347611410
891646557150503293553377
-4312494469770819907484546
10660715266678456046559502
7071752625840064552422222
5821499208037513284652280
3279783248676476969419185
901510430695653219982030
4043983886388652439696545
-8795713216024098678237289
-1316766003467284684983561
9215126637201441039781844
305967665118287083503029
-11733168200977138552396173
-4259750892694526968967323
12981500231510712544818472
-2723793198182542496850535
6308349795971695915222498
4355068968313373673123261
-4446267226204110715132477
2008287930115564473179587
-6466987209849125704824927
9033771445667019358819102
-6598098140945895268837158
-385099197330123274837236
6402163813019920771849244
7007106509901456566202382
-5072951305222375171779196
-16462069427994246217098827
-13456492041477495706933317
13128061815131278912135768
12179282935443916662048381
10427148188690312967542699
-12509801664918752708448534
-2081536124223883831601177
8563470710996061484082025
-7218214194243621900576498
2638375508952190914171075
-18637415493001722771282227
-2984593433108758040736537
11737584096790875435286557
-9493639153353448664850754
9878386835271499025262158
-1447513929991749509205622
10409843843325135838050191
-363872672973963725571743
-7512980904940971854696466
-10310920037766536482207623
-513343980717880887947772
-15970352895444745462660111
2572578340665198323204468
-3106441370481506135295240
9934613534666590409965777
-6100670557627793987117791
8052668288572247657731575
-2730837200469268587998122
1077311473570606492667244
1724939076858378694669906
-6253192389746861656035825
5332112800832824150472033
-3233889856762409501892206
3534765609893345725739088
12019234975656801445388360
-7458700878353628288285657
5241141071518721802223268
4511925815790568538430524
8454963070265779265359450
-1054080732825479359081568
-748247287086004318778406
-564649864125945172521002
-4238502122678498875957072
1201293393533878331326435
2026684773643188962739484
-11149150170182524566758458
946021088018338529831041
-19130261123825950646984457
855504192658816761464114
8255956990605195006529570
7546197727734535262737614
3838789406461907961677312
-12642449889895970758998335
3105993655590589497854479
3655119599236359177623191
10591464923269024526072466
-4025636074920705898139222
-4247655077714419816109317
-9663681179260054511841429
-7911679083351905003283499
8559121281345631020736711
5893589362900119798110854
-15568485305543603792941095
-7087789386800280924612316
-15012046588779586381262455
5682283223215172284562174
-1903310756598965019014780
-4504334712867945505174558
-6388997649777030512693476
9733057103764073346217528
10099247835739267270873577
-7750042541651394725793773
12163232543406133565483058
-14307094823846371651536792
7448974734887582303814721
11233357296360874573225011
3142881425414140328213837
-11347638943324403504231134
6626804926506997581951221
2429813797297158259955849
-14179282077488345139794359
-14992680461379343091753455
-5536806740984484057239409
1749024395864817717765059
1786065915010064089866567
1483935450873944397421461
-1112982447890812349338133
-2986065640854683136113827
-151689550205923415600353
707594805213478210634278
-345622027476745690055974
7827570921583246191224239
17332471692547142704302978
15621754148445313013899655
10017447436602732381464856
-3048507737516128938605245
-47621072964090885822568
-9607272488743468504185926
5070297276594345891803912
-734793264094880569179260
1371762659302490655259639
-12888643623488302373496965
-6928288624478115543074217
-11176498101210538894003286
7788341301275819077057034
1894483848655036035149725
-876806364102925174075446
-444424195175012265343491
14669293202816186489754702
-9425892540630451656179417
-5115893871637306261575179
-10666301541036706341533413
-855767057708960704788012
-4770301789061475617775889
6028105193223341693640899
-11304942336383904477733565
1325710400005975609531102
4493043666477940193145275
-5341637971502147532859944
-8743020179910295098884833
-6903525386278347885925415
-3714151957972488382323878
-3027169791194729424981950
-12736238221545782793371410
-12235112953870146507643248
-472374694725005727048086
7876761442643856430516849
1209897113595347083343882
13958395449179948932802935
-5850541687631093695048367
-3661100204671946547247329
-9740165587759723035059933
-9869765767801412553335880
2014804036683058022755388
2965373384741448753478770
-4757257993439512377050823
8991048096911530505406090
-599566692774183051132564
-10279734487573534013826539
15360104315369918175069673
9783218868525217468833458
-3958175443656378213037198
-1948198096256922775433936
-7814564681789316598649405
-12095353895831832025529847
12074664166435168765749379
-8514773685137285436286773
-7058971043746830611412351
5258970041648906447922529
-8083995411651996227380988
6273913236849911757376137
-13302280495931029222191075
-4313246926642964198086179
-9993371716067385927146487
5027540135945938471886965
4035760550800985029909650
-6536636674788633795370675
-295530289132426403633988
-246300179749437070916054
3284997062495662929837878
8172265923015196358894989
4268228172801000711328224
-716279863253183112452970
10016660214286417803246485
11122399678425815251966823
6632610798660482701389548
-8508647753723352410112850
7537909963227094819349177
-4843934149310341694511857
6201524130530806399160831
4769755000781542238418248
-5349550477018651113070631
11539904516066188501978915
-4603938633128517076111976
8491383866648852839640102
13949469297915410570067243
4383258486812712525632184
2887824202309317009855155
-9388662809757280670810122
-5364389238092338640288290
-193463849747408555338426
-251678754240530961751973
-2382737500564728064714029
2419862987035370705488431
-3175228952471924450631596
-841002832690460871142244
-8639045556181583891206033
11726448579360641676948845
2112693432809693714839378
10545113621977711849457157
-2839218247610427337724551
-7704116858599849931516627
6033532653713817161147282
-13234316166943650284828451
4813839702696857788128728
7247870541336377002952502
6083014494421993827462613
3195175304206679726855727
-908356375370053319322533
-6367997533643677871585123
779477281809960437338280
4496905347347032730868519
2676050302334152026738791
-2745372398443192772703374
-12373503449170521436665705
-2260343689551875790332547
-4923476373887672811617751
-7568847364676253656449039
-713654102595417222999603
3687734482393623896490668
7930487423596305991164059
-11977221048458881116032927
-6351181231303393904559291
10194713586322489102217935
-14072934089966249565093638
-15923879765477065872942637
278005526982765629069898
-4483469803483133650551020
3073906394301814962995891
1413975747653094118766868
3481800189116213874368020
1982057763589413271462900
13986161901573241848906170
-6008786448269626217136854
2700082647374290291178812
958462612367767115660346
12378988275722528970443283
-10384295416277135302061901
-396022416524814742829347
-4083400183966144566525978
-7148732926033475038822837
9480862765711533927881068
-13770953728511212636161651
-3051091258873305127754971
-1629470431402056612864262
-5779493129922209068053377
-2184721799000158974194921
-3596561862764767552361276
-17546607636310910845996489
-11575674778115003002709083
4712499289566079030691536
5428740913606773065137057
2904736114747454242143118
6961535394570436402381743
-1353935888284039013194714
1780965010632481852676003
11841053467761487862922709
9879907273615679806360512
-1614885368731220839912264
8054634878338508369901032
-2715224703932735766833702
-12360548670389276309430524
-4906575152184224755008981
-1529272273892570377506885
-933973090940480688139988
6840794799094783116273085
-3216453870482398571359675
6614476096554731463876605
-13328142254718146070952360
-16455293563742339767279828
5690731525154196656758614
7076372438347855519352413
1284229531123677858436130
-2395527581540592992912652
-16919910391294199718855081
-401543300877362976573346
-2336798697278239866770106
5173781011861940077130983
-4175125380715372288212361
-4914445146662185773052515
-8776380659836947370455487
-5844299515086240690233066
9848455840875348600765092
5367923732254231121581658
5187379124203345057492072
9005173588335319823053764
2374222541322252396487377
-8139548142160295860880753
-4535371606904742814190453
1929190932026569238048768
12942615802145590315424178
17819273625705125243823307
5154476554774254092298951
7484656269275609598122518
7499950186199183382495495
-3765703682109402400382385
3506607008056304576858094
-6156067738922027367454143
-2978304243811244888999599
-7497967732581531034910080
8916810494406007706841342
1445094579650912739347884
5730575032650391010483380
-2397078363234077368933335
211376805823378553787038
2237784318054627633703307
46881255752958480103169
4266805276386863365156192
-339589063553917061402627
-4323463366848584851473060
-6228406800115954246004629
232242890165080124727341
270891602076426862132415
-8772996241504382857793520
1532184003492065960927657
-17734142288919107294186418
-9417013686903744327803335
-8011612083876388213954935
18753605052153864790962067
-8913878188348895349927387
-1079004292732812400363788
-3588879477298115288079289
-12302616055540044609886354
10236431749567283099762065
-2383125131382366069188605
-3803807739791601346741901
-13542129316298280774517762
-9382032663031947387087946
-4589065320396375214205817
9406155887190031905635045
-9779058700884749015969397
-1627049362459434548839677
-4860063890636277728399522
-4325931621619999176924955
-3538743718565473069157130
-921339320248995356259177
-7361137060907926617026173
6040375969279285724552945
11292296359041590103257623
7209368999912012619436538
10003417003406887547287923
5764657468691086219554309
-15468311398670338184639251
-7542756316798345021918568
-11417301030384619146728542
-17581942275239698334333339
-5484707335635335047344969
5158545235456246550558270
-2160330400684933808708729
-16111876558459890757510007
4661588915142241050982325
-1712992326092428541598234
-717544608307089140705044
-12472207981628643477879376
4934245636998661579239374
454842478479365183529696
2134621304151171712197760
9415880378110420748016571
14127079525374409211575433
-1623043422047122765615250
1356929509128198120460369
-12609526088878646828302893
-7504167771814457164678694
4872834492867016459820187
-6349699183324710645619095
-1471072864177928957793898
3032509050770219130195982
-7723309463786742255996951
4939942048293770269375049
-8671292443968970799762962
1896385162383796520939289
5398861933013170273886176
-1576049284908663307432237
-7976746594464038473603527
-8623257947576599937764809
-1132979563806991371446716
1410135809558066548389844
-3230118273389963843817637
-3641650284680115660381303
-2826232578261981569934366
-12866730469516697007206056
-253394644119413411974286
-2325545678062577500533261
-2057671544729126474228023
4800779086139272866773112
-15248203045630649984995011
12810627331076871525997997
-4080699837573071493594762
-17696669506124850520587048
2248851460223134335104522
4225030831343663508632401
14402956277667667827861285
-10415105067430372666000300
-1174940765302368157710395
-1251084426843885926068135
-5565376552238764511459193
1255592816448799265189532
-18119675759106578853643572
648927169108629778276168
-5847483729713481336020187
1659937281461725702940268
7273289441513923176072841
-12375264890713769199452641
1176108697126814885105403
-467998367010426617735657
-13031602250459322679723964
6910652675642315958217062
-6246315857095723249834710
2744139949480508971931015
-2345832058954007404887516
5409131724926271045904511
1531208888632209284675663
-7391225997644233307888691
10703453379334802933309253
-9291819484786542396909936
-458629582993959194605527
-8769322514386160765273353
5438103665964818538597754
-13189431813915797831587773
5393362603610552938557890
869190068934593134447656
-5834558184831786389254563
3877406250518815992099573
-4780081093699559383073375
-569140901577248086072658
-12125257677536397272568501
-5359403472751832769227641
1942850281434898879764906
2263287796686517880979828
4834764888475797494165070
-3575911720807401712298372
-13671760965802088162501431
12417602365257688380821201
5078006642723370484518748
-5311706208985595109101218
14390586756835484029672125
1061493131541132431903413
3875872048221508622573778
8521264389637746657174106
-5597502487601254086361179
11358492510706266597479863
-6411460919583927414949321
6460973348998897505547009
-2064090413103733319657052
7473749253566612684538968
-11551639734038824363483430
3699075721640077559792621
4687434920344829499939043
8074688189828976021778431
-15152351024467930625055082
110448975643497240076140
-4801307999020108483869749
-11039396780271968973308795
86106030750794409870371
-6680231451531055840069665
-3536891790735023381378784
6029660907298301566578202
-704936030503901068045002
188626120598691171895845
3532731819028324736535321
-8208931916778469167163570
4079605674609649712193929
-4501590194927538403730627
3377758499700561881330047
-775961758875990324527510
6631517270923954978939036
1877391292741876319522184
-1145520516154405694895876
-10461305922330300187355296
-4144140937125513284463719
14343557694486776067992597
-883580559013665801992875
-11793520891786337838236574
1208594117811308921477132
12132352606390256146100508
7488803724689397027428561
4697692095477485445138909
-165320083902832442551137
-11218716489270276298608637
-9218128833979481894734081
6634962036935542512129395
-8235105637250613072031111
1123825113598777540268911
9588778902344898332526500
9646840290005889189871501
7841583202033259225116397
-1648060628646175382520680
-898048854199005975970232
-2773813783038704191399457
2865092462089529377356424
6095863451230767119808606
-13308365373768298758892042
14114399458785605946653990
-2618575716969769677970775
5426396141837510252096939
-1903642825582467327807970
8406363199084975706670929
-9779118125262505235753438
6403209008487253754988982
-9884679505110320104654122
-6863814219016800960663832
-4818417963724062438584152
-12386665332798513311548649
1792635843586954574684403
-9777263156666085198815008
-7370575710557077618824736
16195894434167924486216786
6646606125964948690403338
-12805582466699194878938881
7491803745999663319393319
320088479225597437242229
-12031649872592578636544470
1081546504475305834244172
2604627218448377835820568
-16167988206386120774995909
-772461461805185434678636
-7435292649254300189214803
-1118205192029582226231984
-6746486815693849426137913
16026440922162959967473
689045155438037426571713
-11560741148672776974937926
9714480650458671517557434
-460851431749042183981908
-5252486860405277171352561
7435997187442248332226715
-8167071975431892661816443
4860403461438678056511187
-9330001331565205325986115
-2829358823901915058809366
-2464654031381658557963011
-12176792889559140589865397
4662098333668248543955355
-4025722746601449520330668
-12214068328293703582680955
8351228356384566643146084
-666561385434088903803001
3918932150452880059682710
-10338228441756215508413157
11588531323758296577197432
-13417196043939438496210742
3018430393532519845343387
7440656845204196921129121
8538804164632275559098391
-16274018833902586362692950
3623191258717402550634466
11066401261091646507734656
3831078365469673998601545
-3928913073838519039172452
-4611507043499944984415756
4846525216455421526181776
-5317232025674969925001704
-14374171865697782648297004
