\BOOKMARK [1][-]{section.1}{\376\377\000I\000n\000s\000t\000a\000l\000l\000a\000t\000i\000o\000n}{}% 1
\BOOKMARK [2][-]{subsection.1.1}{\376\377\000C\000l\000o\000n\000i\000n\000g\000\040\000T\000h\000e\000\040\000R\000e\000p\000o\000s\000i\000t\000o\000r\000y}{section.1}% 2
\BOOKMARK [2][-]{subsection.1.2}{\376\377\000B\000u\000i\000l\000d\000i\000n\000g\000\040\000T\000h\000e\000\040\000E\000x\000e\000c\000u\000t\000a\000b\000l\000e}{section.1}% 3
\BOOKMARK [2][-]{subsection.1.3}{\376\377\000U\000s\000i\000n\000g\000\040\000T\000h\000e\000\040\000E\000x\000e\000c\000u\000t\000a\000b\000l\000e}{section.1}% 4
\BOOKMARK [2][-]{subsection.1.4}{\376\377\000B\000u\000i\000l\000d\000i\000n\000g\000\040\000T\000h\000e\000\040\000L\000i\000b\000r\000a\000r\000y}{section.1}% 5
\BOOKMARK [2][-]{subsection.1.5}{\376\377\000L\000i\000n\000k\000i\000n\000g\000\040\000T\000h\000e\000\040\000L\000i\000b\000r\000a\000r\000y}{section.1}% 6
\BOOKMARK [1][-]{section.2}{\376\377\000D\000e\000s\000i\000g\000n}{}% 7
\BOOKMARK [2][-]{subsection.2.1}{\376\377\000U\000n\000d\000e\000r\000l\000y\000i\000n\000g\000\040\000I\000m\000p\000l\000e\000m\000e\000n\000t\000a\000t\000i\000o\000n}{section.2}% 8
\BOOKMARK [2][-]{subsection.2.2}{\376\377\000L\000i\000m\000i\000t\000a\000t\000i\000o\000n\000s\000\040\000O\000f\000\040\000V\000e\000c\000t\000o\000r}{section.2}% 9
\BOOKMARK [2][-]{subsection.2.3}{\376\377\000E\000r\000r\000o\000r\000\040\000H\000a\000n\000d\000l\000i\000n\000g}{section.2}% 10
\BOOKMARK [2][-]{subsection.2.4}{\376\377\000M\000e\000m\000o\000r\000y\000\040\000M\000a\000n\000a\000g\000e\000m\000e\000n\000t}{section.2}% 11
\BOOKMARK [2][-]{subsection.2.5}{\376\377\000U\000M\000L\000\040\000D\000i\000a\000g\000r\000a\000m}{section.2}% 12
\BOOKMARK [1][-]{section.3}{\376\377\000A\000P\000I\000\040\000T\000a\000b\000l\000e\000s}{}% 13
\BOOKMARK [1][-]{section.4}{\376\377\000I\000n\000t\000e\000g\000e\000r\000\040\000L\000i\000b\000r\000a\000r\000y}{}% 14
\BOOKMARK [2][-]{subsection.4.1}{\376\377\000I\000n\000t\000r\000o\000d\000u\000c\000t\000i\000o\000n}{section.4}% 15
\BOOKMARK [2][-]{subsection.4.2}{\376\377\000A\000P\000I\000\040\000R\000e\000f\000e\000r\000e\000n\000c\000e}{section.4}% 16
\BOOKMARK [3][-]{subsubsection.4.2.1}{\376\377\000C\000o\000n\000s\000t\000r\000u\000c\000t\000o\000r\000s}{subsection.4.2}% 17
\BOOKMARK [3][-]{subsubsection.4.2.2}{\376\377\000D\000e\000s\000t\000r\000u\000c\000t\000o\000r}{subsection.4.2}% 18
\BOOKMARK [3][-]{subsubsection.4.2.3}{\376\377\000p\000a\000r\000s\000e}{subsection.4.2}% 19
\BOOKMARK [3][-]{subsubsection.4.2.4}{\376\377\000A\000s\000s\000i\000g\000n}{subsection.4.2}% 20
\BOOKMARK [3][-]{subsubsection.4.2.5}{\376\377\000P\000r\000i\000n\000t}{subsection.4.2}% 21
\BOOKMARK [3][-]{subsubsection.4.2.6}{\376\377\000I\000n\000p\000u\000t}{subsection.4.2}% 22
\BOOKMARK [3][-]{subsubsection.4.2.7}{\376\377\000A\000d\000d}{subsection.4.2}% 23
\BOOKMARK [3][-]{subsubsection.4.2.8}{\376\377\000A\000d\000d\0002}{subsection.4.2}% 24
\BOOKMARK [3][-]{subsubsection.4.2.9}{\376\377\000S\000u\000b\000t\000r\000a\000c\000t}{subsection.4.2}% 25
\BOOKMARK [3][-]{subsubsection.4.2.10}{\376\377\000M\000u\000l\000t\000i\000p\000l\000y}{subsection.4.2}% 26
\BOOKMARK [3][-]{subsubsection.4.2.11}{\376\377\000M\000u\000l\000t\000i\000p\000l\000y\000B\000y\000D\000i\000g\000i\000t}{subsection.4.2}% 27
\BOOKMARK [3][-]{subsubsection.4.2.12}{\376\377\000D\000i\000v\000i\000d\000e}{subsection.4.2}% 28
\BOOKMARK [3][-]{subsubsection.4.2.13}{\376\377\000M\000o\000d}{subsection.4.2}% 29
\BOOKMARK [3][-]{subsubsection.4.2.14}{\376\377\000C\000o\000m\000p\000a\000r\000e}{subsection.4.2}% 30
\BOOKMARK [3][-]{subsubsection.4.2.15}{\376\377\000C\000o\000m\000p\000l\000e\000m\000e\000n\000t}{subsection.4.2}% 31
\BOOKMARK [3][-]{subsubsection.4.2.16}{\376\377\000N\000e\000g\000a\000t\000e}{subsection.4.2}% 32
\BOOKMARK [3][-]{subsubsection.4.2.17}{\376\377\000i\000s\000Z\000e\000r\000o}{subsection.4.2}% 33
\BOOKMARK [3][-]{subsubsection.4.2.18}{\376\377\000M\000a\000t\000c\000h\000D\000i\000g\000i\000t\000s}{subsection.4.2}% 34
\BOOKMARK [3][-]{subsubsection.4.2.19}{\376\377\000V\000e\000r\000i\000f\000y\000S\000t\000r\000i\000n\000g}{subsection.4.2}% 35
\BOOKMARK [3][-]{subsubsection.4.2.20}{\376\377\000P\000o\000p\000Z\000e\000r\000o}{subsection.4.2}% 36
\BOOKMARK [1][-]{section.5}{\376\377\000F\000l\000o\000a\000t\000\040\000L\000i\000b\000r\000a\000r\000y}{}% 37
\BOOKMARK [2][-]{subsection.5.1}{\376\377\000I\000n\000t\000r\000o\000d\000u\000c\000t\000i\000o\000n}{section.5}% 38
\BOOKMARK [2][-]{subsection.5.2}{\376\377\000A\000P\000I\000\040\000R\000e\000f\000e\000r\000e\000n\000c\000e}{section.5}% 39
\BOOKMARK [3][-]{subsubsection.5.2.1}{\376\377\000C\000o\000n\000s\000t\000r\000u\000c\000t\000o\000r\000s}{subsection.5.2}% 40
\BOOKMARK [3][-]{subsubsection.5.2.2}{\376\377\000D\000e\000s\000t\000r\000u\000c\000t\000o\000r}{subsection.5.2}% 41
\BOOKMARK [3][-]{subsubsection.5.2.3}{\376\377\000p\000a\000r\000s\000e}{subsection.5.2}% 42
\BOOKMARK [3][-]{subsubsection.5.2.4}{\376\377\000A\000s\000s\000i\000g\000n}{subsection.5.2}% 43
\BOOKMARK [3][-]{subsubsection.5.2.5}{\376\377\000P\000r\000i\000n\000t}{subsection.5.2}% 44
\BOOKMARK [3][-]{subsubsection.5.2.6}{\376\377\000I\000n\000p\000u\000t}{subsection.5.2}% 45
\BOOKMARK [3][-]{subsubsection.5.2.7}{\376\377\000A\000d\000d}{subsection.5.2}% 46
\BOOKMARK [3][-]{subsubsection.5.2.8}{\376\377\000S\000u\000b\000t\000r\000a\000c\000t}{subsection.5.2}% 47
\BOOKMARK [3][-]{subsubsection.5.2.9}{\376\377\000M\000u\000l\000t\000i\000p\000l\000y}{subsection.5.2}% 48
\BOOKMARK [3][-]{subsubsection.5.2.10}{\376\377\000M\000u\000l\000t\000i\000p\000l\000y\000B\000y\000D\000i\000g\000i\000t}{subsection.5.2}% 49
\BOOKMARK [3][-]{subsubsection.5.2.11}{\376\377\000D\000i\000v\000i\000d\000e}{subsection.5.2}% 50
\BOOKMARK [3][-]{subsubsection.5.2.12}{\376\377\000S\000e\000t\000P\000r\000e\000c\000i\000s\000i\000o\000n}{subsection.5.2}% 51
\BOOKMARK [3][-]{subsubsection.5.2.13}{\376\377\000C\000o\000m\000p\000a\000r\000e}{subsection.5.2}% 52
\BOOKMARK [3][-]{subsubsection.5.2.14}{\376\377\000C\000o\000m\000p\000l\000e\000m\000e\000n\000t}{subsection.5.2}% 53
\BOOKMARK [3][-]{subsubsection.5.2.15}{\376\377\000N\000e\000g\000a\000t\000e}{subsection.5.2}% 54
\BOOKMARK [3][-]{subsubsection.5.2.16}{\376\377\000i\000s\000Z\000e\000r\000o}{subsection.5.2}% 55
\BOOKMARK [3][-]{subsubsection.5.2.17}{\376\377\000M\000a\000t\000c\000h\000D\000i\000g\000i\000t\000s}{subsection.5.2}% 56
\BOOKMARK [3][-]{subsubsection.5.2.18}{\376\377\000R\000e\000s\000i\000z\000e\000E\000n\000d\000s}{subsection.5.2}% 57
\BOOKMARK [3][-]{subsubsection.5.2.19}{\376\377\000V\000e\000r\000i\000f\000y\000S\000t\000r\000i\000n\000g}{subsection.5.2}% 58
\BOOKMARK [3][-]{subsubsection.5.2.20}{\376\377\000P\000o\000p\000Z\000e\000r\000o}{subsection.5.2}% 59
\BOOKMARK [1][-]{section.6}{\376\377\000C\000o\000n\000c\000l\000u\000s\000i\000o\000n}{}% 60
